<?xml version="1.0" encoding="UTF-8"?>
<!-- Generated by org.testng.reporters.JUnitReportReporter -->
<testsuite skipped="0" hostname="W6YWW3X2" name="test1.Class1" tests="1" failures="0" timestamp="01 Nov 2021 07:29:35 GMT" time="0.005" errors="0">
  <testcase name="firsttest" time="0.005" classname="test1.Class1"/>
</testsuite> <!-- test1.Class1 -->
